<?xml version="1.0" encoding="UTF-8"?>
<!-- Generated by org.testng.reporters.JUnitReportReporter -->
<testsuite hostname="LAPTOP-NBO2FS7F" failures="0" tests="2" name="com.chowbotics.automation.chowapp.tests.HomeSuite" time="75.618" errors="0" timestamp="2020-06-16T17:51:39 IST" skipped="0">
  <testcase classname="com.chowbotics.automation.chowapp.tests.HomeSuite" name="verifyRobotPairCancel" time="32.837"/>
  <system-out/>
  <testcase classname="com.chowbotics.automation.chowapp.tests.HomeSuite" name="verifyRobotIsPaired" time="42.781"/>
  <system-out/>
</testsuite> <!-- com.chowbotics.automation.chowapp.tests.HomeSuite -->
